<?xml version="1.0" encoding="UTF-8"?>
<testng-results ignored="5" total="12" passed="5" failed="2" skipped="0">
  <reporter-output>
  </reporter-output>
  <suite started-at="2024-04-06T13:51:22 EEST" name="Web test suit" finished-at="2024-04-06T13:52:14 EEST" duration-ms="52432">
    <groups>
    </groups>
    <test started-at="2024-04-06T13:51:22 EEST" name="ISkillo" finished-at="2024-04-06T13:52:14 EEST" duration-ms="52432">
      <class name="IskilloTesting.CommentPostTest">
        <test-method is-config="true" signature="setupTestSuite()[pri:0, instance:IskilloTesting.CommentPostTest@15ff3e9e]" started-at="2024-04-06T13:51:20 EEST" name="setupTestSuite" finished-at="2024-04-06T13:51:22 EEST" duration-ms="1848" status="PASS">
          <reporter-output>
          </reporter-output>
        </test-method> <!-- setupTestSuite -->
        <test-method is-config="true" signature="setUpTest()[pri:0, instance:IskilloTesting.CommentPostTest@15ff3e9e]" started-at="2024-04-06T13:51:22 EEST" name="setUpTest" finished-at="2024-04-06T13:51:25 EEST" duration-ms="3449" status="PASS">
          <reporter-output>
          </reporter-output>
        </test-method> <!-- setUpTest -->
        <test-method signature="commentPost(java.lang.String,java.lang.String)[pri:0, instance:IskilloTesting.CommentPostTest@15ff3e9e]" started-at="2024-04-06T13:51:25 EEST" name="commentPost" data-provider="getUser" finished-at="2024-04-06T13:51:31 EEST" duration-ms="5731" status="PASS">
          <params>
            <param index="0">
              <value>
                <![CDATA[tonchevaIvelina]]>
              </value>
            </param>
            <param index="1">
              <value>
                <![CDATA[toncheva123456]]>
              </value>
            </param>
          </params>
          <reporter-output>
          </reporter-output>
        </test-method> <!-- commentPost -->
        <test-method is-config="true" signature="afterMethod(org.testng.ITestResult)[pri:0, instance:IskilloTesting.CommentPostTest@15ff3e9e]" started-at="2024-04-06T13:51:31 EEST" name="afterMethod" finished-at="2024-04-06T13:51:31 EEST" duration-ms="168" status="PASS">
          <params>
            <param index="0">
              <value>
                <![CDATA[[TestResult name=commentPost status=SUCCESS method=CommentPostTest.commentPost(java.lang.String,java.lang.String)[pri:0, instance:IskilloTesting.CommentPostTest@15ff3e9e] output={null}]]]>
              </value>
            </param>
          </params>
          <reporter-output>
          </reporter-output>
        </test-method> <!-- afterMethod -->
      </class> <!-- IskilloTesting.CommentPostTest -->
      <class name="IskilloTesting.DeletePostTest">
        <test-method is-config="true" signature="setUpTest()[pri:0, instance:IskilloTesting.DeletePostTest@158da8e]" started-at="2024-04-06T13:51:41 EEST" name="setUpTest" finished-at="2024-04-06T13:51:43 EEST" duration-ms="1867" status="PASS">
          <reporter-output>
          </reporter-output>
        </test-method> <!-- setUpTest -->
        <test-method signature="deletePost(java.lang.String,java.lang.String)[pri:0, instance:IskilloTesting.DeletePostTest@158da8e]" started-at="2024-04-06T13:51:43 EEST" name="deletePost" data-provider="getUser" finished-at="2024-04-06T13:51:47 EEST" duration-ms="4431" status="PASS">
          <params>
            <param index="0">
              <value>
                <![CDATA[tonchevaIvelina]]>
              </value>
            </param>
            <param index="1">
              <value>
                <![CDATA[toncheva123456]]>
              </value>
            </param>
          </params>
          <reporter-output>
          </reporter-output>
        </test-method> <!-- deletePost -->
        <test-method is-config="true" signature="afterMethod(org.testng.ITestResult)[pri:0, instance:IskilloTesting.DeletePostTest@158da8e]" started-at="2024-04-06T13:51:47 EEST" name="afterMethod" finished-at="2024-04-06T13:51:47 EEST" duration-ms="176" status="PASS">
          <params>
            <param index="0">
              <value>
                <![CDATA[[TestResult name=deletePost status=SUCCESS method=DeletePostTest.deletePost(java.lang.String,java.lang.String)[pri:0, instance:IskilloTesting.DeletePostTest@158da8e] output={null}]]]>
              </value>
            </param>
          </params>
          <reporter-output>
          </reporter-output>
        </test-method> <!-- afterMethod -->
      </class> <!-- IskilloTesting.DeletePostTest -->
      <class name="IskilloTesting.CreateAccountTest">
        <test-method is-config="true" signature="setUpTest()[pri:0, instance:IskilloTesting.CreateAccountTest@6aba2b86]" started-at="2024-04-06T13:51:31 EEST" name="setUpTest" finished-at="2024-04-06T13:51:33 EEST" duration-ms="2388" status="PASS">
          <reporter-output>
          </reporter-output>
        </test-method> <!-- setUpTest -->
        <test-method signature="createNewUser(java.lang.String,java.lang.String,java.lang.String)[pri:0, instance:IskilloTesting.CreateAccountTest@6aba2b86]" started-at="2024-04-06T13:51:33 EEST" name="createNewUser" data-provider="createUser" finished-at="2024-04-06T13:51:40 EEST" duration-ms="7176" status="FAIL">
          <params>
            <param index="0">
              <value>
                <![CDATA[IvelinaToncheva]]>
              </value>
            </param>
            <param index="1">
              <value>
                <![CDATA[ivelina123@gmail.com]]>
              </value>
            </param>
            <param index="2">
              <value>
                <![CDATA[toncheva123456]]>
              </value>
            </param>
          </params>
          <exception class="org.openqa.selenium.NoSuchElementException">
            <message>
              <![CDATA[no such element: Unable to locate element: {"method":"css selector","selector":"#nav\-link\-profile"}
  (Session info: chrome=123.0.6312.86)
For documentation on this error, please visit: https://www.selenium.dev/documentation/webdriver/troubleshooting/errors#no-such-element-exception
Build info: version: '4.18.1', revision: 'b1d3319b48'
System info: os.name: 'Windows 10', os.arch: 'amd64', os.version: '10.0', java.version: '14.0.1'
Driver info: org.openqa.selenium.chrome.ChromeDriver
Command: [1f851df7a0943fd835beee9bfb1186ef, findElement {value=nav-link-profile, using=id}]
Capabilities {acceptInsecureCerts: false, browserName: chrome, browserVersion: 123.0.6312.86, chrome: {chromedriverVersion: 123.0.6312.105 (399174dbe6e..., userDataDir: C:\Users\User\AppData\Local...}, fedcm:accounts: true, goog:chromeOptions: {debuggerAddress: localhost:52126}, networkConnectionEnabled: false, pageLoadStrategy: normal, platformName: windows, proxy: Proxy(), se:cdp: ws://localhost:52126/devtoo..., se:cdpVersion: 123.0.6312.86, setWindowRect: true, strictFileInteractability: false, timeouts: {implicit: 0, pageLoad: 300000, script: 30000}, unhandledPromptBehavior: dismiss and notify, webauthn:extension:credBlob: true, webauthn:extension:largeBlob: true, webauthn:extension:minPinLength: true, webauthn:extension:prf: true, webauthn:virtualAuthenticators: true}
Session ID: 1f851df7a0943fd835beee9bfb1186ef]]>
            </message>
            <full-stacktrace>
              <![CDATA[org.openqa.selenium.NoSuchElementException: no such element: Unable to locate element: {"method":"css selector","selector":"#nav\-link\-profile"}
  (Session info: chrome=123.0.6312.86)
For documentation on this error, please visit: https://www.selenium.dev/documentation/webdriver/troubleshooting/errors#no-such-element-exception
Build info: version: '4.18.1', revision: 'b1d3319b48'
System info: os.name: 'Windows 10', os.arch: 'amd64', os.version: '10.0', java.version: '14.0.1'
Driver info: org.openqa.selenium.chrome.ChromeDriver
Command: [1f851df7a0943fd835beee9bfb1186ef, findElement {value=nav-link-profile, using=id}]
Capabilities {acceptInsecureCerts: false, browserName: chrome, browserVersion: 123.0.6312.86, chrome: {chromedriverVersion: 123.0.6312.105 (399174dbe6e..., userDataDir: C:\Users\User\AppData\Local...}, fedcm:accounts: true, goog:chromeOptions: {debuggerAddress: localhost:52126}, networkConnectionEnabled: false, pageLoadStrategy: normal, platformName: windows, proxy: Proxy(), se:cdp: ws://localhost:52126/devtoo..., se:cdpVersion: 123.0.6312.86, setWindowRect: true, strictFileInteractability: false, timeouts: {implicit: 0, pageLoad: 300000, script: 30000}, unhandledPromptBehavior: dismiss and notify, webauthn:extension:credBlob: true, webauthn:extension:largeBlob: true, webauthn:extension:minPinLength: true, webauthn:extension:prf: true, webauthn:virtualAuthenticators: true}
Session ID: 1f851df7a0943fd835beee9bfb1186ef
at java.base/jdk.internal.reflect.NativeConstructorAccessorImpl.newInstance0(Native Method)
at java.base/jdk.internal.reflect.NativeConstructorAccessorImpl.newInstance(NativeConstructorAccessorImpl.java:62)
at java.base/jdk.internal.reflect.DelegatingConstructorAccessorImpl.newInstance(DelegatingConstructorAccessorImpl.java:45)
at java.base/java.lang.reflect.Constructor.newInstanceWithCaller(Constructor.java:500)
at java.base/java.lang.reflect.Constructor.newInstance(Constructor.java:481)
at org.openqa.selenium.remote.ErrorCodec.decode(ErrorCodec.java:167)
at org.openqa.selenium.remote.codec.w3c.W3CHttpResponseCodec.decode(W3CHttpResponseCodec.java:138)
at org.openqa.selenium.remote.codec.w3c.W3CHttpResponseCodec.decode(W3CHttpResponseCodec.java:50)
at org.openqa.selenium.remote.HttpCommandExecutor.execute(HttpCommandExecutor.java:190)
at org.openqa.selenium.remote.service.DriverCommandExecutor.invokeExecute(DriverCommandExecutor.java:216)
at org.openqa.selenium.remote.service.DriverCommandExecutor.execute(DriverCommandExecutor.java:174)
at org.openqa.selenium.remote.RemoteWebDriver.execute(RemoteWebDriver.java:519)
at org.openqa.selenium.remote.ElementLocation$ElementFinder$2.findElement(ElementLocation.java:165)
at org.openqa.selenium.remote.ElementLocation.findElement(ElementLocation.java:66)
at org.openqa.selenium.remote.RemoteWebDriver.findElement(RemoteWebDriver.java:356)
at org.openqa.selenium.remote.RemoteWebDriver.findElement(RemoteWebDriver.java:350)
at org.openqa.selenium.support.pagefactory.DefaultElementLocator.findElement(DefaultElementLocator.java:68)
at org.openqa.selenium.support.pagefactory.internal.LocatingElementHandler.invoke(LocatingElementHandler.java:38)
at com.sun.proxy.$Proxy11.click(Unknown Source)
at object.Header.clickProfile(Header.java:18)
at IskilloTesting.CreateAccountTest.createNewUser(CreateAccountTest.java:30)
at java.base/jdk.internal.reflect.NativeMethodAccessorImpl.invoke0(Native Method)
at java.base/jdk.internal.reflect.NativeMethodAccessorImpl.invoke(NativeMethodAccessorImpl.java:62)
at java.base/jdk.internal.reflect.DelegatingMethodAccessorImpl.invoke(DelegatingMethodAccessorImpl.java:43)
at java.base/java.lang.reflect.Method.invoke(Method.java:564)
at org.testng.internal.invokers.MethodInvocationHelper.invokeMethod(MethodInvocationHelper.java:139)
at org.testng.internal.invokers.TestInvoker.invokeMethod(TestInvoker.java:677)
at org.testng.internal.invokers.TestInvoker.invokeTestMethod(TestInvoker.java:221)
at org.testng.internal.invokers.MethodRunner.runInSequence(MethodRunner.java:50)
at org.testng.internal.invokers.TestInvoker$MethodInvocationAgent.invoke(TestInvoker.java:969)
at org.testng.internal.invokers.TestInvoker.invokeTestMethods(TestInvoker.java:194)
at org.testng.internal.invokers.TestMethodWorker.invokeTestMethods(TestMethodWorker.java:148)
at org.testng.internal.invokers.TestMethodWorker.run(TestMethodWorker.java:128)
at java.base/java.util.ArrayList.forEach(ArrayList.java:1510)
at org.testng.TestRunner.privateRun(TestRunner.java:829)
at org.testng.TestRunner.run(TestRunner.java:602)
at org.testng.SuiteRunner.runTest(SuiteRunner.java:437)
at org.testng.SuiteRunner.runSequentially(SuiteRunner.java:431)
at org.testng.SuiteRunner.privateRun(SuiteRunner.java:391)
at org.testng.SuiteRunner.run(SuiteRunner.java:330)
at org.testng.SuiteRunnerWorker.runSuite(SuiteRunnerWorker.java:52)
at org.testng.SuiteRunnerWorker.run(SuiteRunnerWorker.java:95)
at org.testng.TestNG.runSuitesSequentially(TestNG.java:1256)
at org.testng.TestNG.runSuitesLocally(TestNG.java:1176)
at org.testng.TestNG.runSuites(TestNG.java:1099)
at org.testng.TestNG.run(TestNG.java:1067)
at org.apache.maven.surefire.testng.TestNGExecutor.run(TestNGExecutor.java:324)
at org.apache.maven.surefire.testng.TestNGXmlTestSuite.execute(TestNGXmlTestSuite.java:74)
at org.apache.maven.surefire.testng.TestNGProvider.invoke(TestNGProvider.java:123)
at org.apache.maven.surefire.booter.ForkedBooter.runSuitesInProcess(ForkedBooter.java:456)
at org.apache.maven.surefire.booter.ForkedBooter.execute(ForkedBooter.java:169)
at org.apache.maven.surefire.booter.ForkedBooter.run(ForkedBooter.java:595)
at org.apache.maven.surefire.booter.ForkedBooter.main(ForkedBooter.java:581)
]]>
            </full-stacktrace>
          </exception> <!-- org.openqa.selenium.NoSuchElementException -->
          <reporter-output>
          </reporter-output>
        </test-method> <!-- createNewUser -->
        <test-method is-config="true" signature="afterMethod(org.testng.ITestResult)[pri:0, instance:IskilloTesting.CreateAccountTest@6aba2b86]" started-at="2024-04-06T13:51:40 EEST" name="afterMethod" finished-at="2024-04-06T13:51:41 EEST" duration-ms="339" status="PASS">
          <params>
            <param index="0">
              <value>
                <![CDATA[[TestResult name=createNewUser status=FAILURE method=CreateAccountTest.createNewUser(java.lang.String,java.lang.String,java.lang.String)[pri:0, instance:IskilloTesting.CreateAccountTest@6aba2b86] output={null}]]]>
              </value>
            </param>
          </params>
          <reporter-output>
          </reporter-output>
        </test-method> <!-- afterMethod -->
      </class> <!-- IskilloTesting.CreateAccountTest -->
      <class name="IskilloTesting.PostTest">
        <test-method is-config="true" signature="setUpTest()[pri:0, instance:IskilloTesting.PostTest@7c729a55]" started-at="2024-04-06T13:52:04 EEST" name="setUpTest" finished-at="2024-04-06T13:52:05 EEST" duration-ms="1717" status="PASS">
          <reporter-output>
          </reporter-output>
        </test-method> <!-- setUpTest -->
        <test-method signature="createPostTest(java.lang.String,java.lang.String,java.io.File,java.lang.String)[pri:0, instance:IskilloTesting.PostTest@7c729a55]" started-at="2024-04-06T13:52:05 EEST" name="createPostTest" data-provider="getUser" finished-at="2024-04-06T13:52:09 EEST" duration-ms="3389" status="PASS">
          <params>
            <param index="0">
              <value>
                <![CDATA[tonchevaIvelina]]>
              </value>
            </param>
            <param index="1">
              <value>
                <![CDATA[toncheva123456]]>
              </value>
            </param>
            <param index="2">
              <value>
                <![CDATA[src\test\resources\upload\SmileyDog.jpg]]>
              </value>
            </param>
            <param index="3">
              <value>
                <![CDATA[Testing post picture]]>
              </value>
            </param>
          </params>
          <reporter-output>
          </reporter-output>
        </test-method> <!-- createPostTest -->
        <test-method is-config="true" signature="afterMethod(org.testng.ITestResult)[pri:0, instance:IskilloTesting.PostTest@7c729a55]" started-at="2024-04-06T13:52:09 EEST" name="afterMethod" finished-at="2024-04-06T13:52:09 EEST" duration-ms="206" status="PASS">
          <params>
            <param index="0">
              <value>
                <![CDATA[[TestResult name=createPostTest status=SUCCESS method=PostTest.createPostTest(java.lang.String,java.lang.String,java.io.File,java.lang.String)[pri:0, instance:IskilloTesting.PostTest@7c729a55] output={null}]]]>
              </value>
            </param>
          </params>
          <reporter-output>
          </reporter-output>
        </test-method> <!-- afterMethod -->
        <test-method is-config="true" signature="setUpTest()[pri:0, instance:IskilloTesting.PostTest@7c729a55]" started-at="2024-04-06T13:52:09 EEST" name="setUpTest" finished-at="2024-04-06T13:52:11 EEST" duration-ms="1744" status="PASS">
          <reporter-output>
          </reporter-output>
        </test-method> <!-- setUpTest -->
        <test-method signature="createSecondPostTest(java.lang.String,java.lang.String,java.io.File,java.lang.String)[pri:0, instance:IskilloTesting.PostTest@7c729a55]" started-at="2024-04-06T13:52:11 EEST" name="createSecondPostTest" data-provider="createSecondPost" finished-at="2024-04-06T13:52:14 EEST" duration-ms="2998" status="PASS">
          <params>
            <param index="0">
              <value>
                <![CDATA[tonchevaIvelina]]>
              </value>
            </param>
            <param index="1">
              <value>
                <![CDATA[toncheva123456]]>
              </value>
            </param>
            <param index="2">
              <value>
                <![CDATA[src\test\resources\upload\Rome.jpg]]>
              </value>
            </param>
            <param index="3">
              <value>
                <![CDATA[Testing post picture]]>
              </value>
            </param>
          </params>
          <reporter-output>
          </reporter-output>
        </test-method> <!-- createSecondPostTest -->
        <test-method is-config="true" signature="afterMethod(org.testng.ITestResult)[pri:0, instance:IskilloTesting.PostTest@7c729a55]" started-at="2024-04-06T13:52:14 EEST" name="afterMethod" finished-at="2024-04-06T13:52:14 EEST" duration-ms="150" status="PASS">
          <params>
            <param index="0">
              <value>
                <![CDATA[[TestResult name=createSecondPostTest status=SUCCESS method=PostTest.createSecondPostTest(java.lang.String,java.lang.String,java.io.File,java.lang.String)[pri:0, instance:IskilloTesting.PostTest@7c729a55] output={null}]]]>
              </value>
            </param>
          </params>
          <reporter-output>
          </reporter-output>
        </test-method> <!-- afterMethod -->
      </class> <!-- IskilloTesting.PostTest -->
      <class name="IskilloTesting.LogInWithInvalidDataTest">
        <test-method is-config="true" signature="setUpTest()[pri:0, instance:IskilloTesting.LogInWithInvalidDataTest@47af7f3d]" started-at="2024-04-06T13:51:54 EEST" name="setUpTest" finished-at="2024-04-06T13:51:56 EEST" duration-ms="1782" status="PASS">
          <reporter-output>
          </reporter-output>
        </test-method> <!-- setUpTest -->
        <test-method signature="LogWithInvaliPassword(java.lang.String,java.lang.String)[pri:0, instance:IskilloTesting.LogInWithInvalidDataTest@47af7f3d]" started-at="2024-04-06T13:51:56 EEST" name="LogWithInvaliPassword" data-provider="getUser" finished-at="2024-04-06T13:52:03 EEST" duration-ms="7679" status="FAIL">
          <params>
            <param index="0">
              <value>
                <![CDATA[tonchevaIvelina]]>
              </value>
            </param>
            <param index="1">
              <value>
                <![CDATA[toncheva]]>
              </value>
            </param>
          </params>
          <exception class="org.openqa.selenium.NoSuchElementException">
            <message>
              <![CDATA[no such element: Unable to locate element: {"method":"css selector","selector":"#nav\-link\-profile"}
  (Session info: chrome=123.0.6312.86)
For documentation on this error, please visit: https://www.selenium.dev/documentation/webdriver/troubleshooting/errors#no-such-element-exception
Build info: version: '4.18.1', revision: 'b1d3319b48'
System info: os.name: 'Windows 10', os.arch: 'amd64', os.version: '10.0', java.version: '14.0.1'
Driver info: org.openqa.selenium.chrome.ChromeDriver
Command: [e62f60c14be9b7055e900d3cede0220e, findElement {value=nav-link-profile, using=id}]
Capabilities {acceptInsecureCerts: false, browserName: chrome, browserVersion: 123.0.6312.86, chrome: {chromedriverVersion: 123.0.6312.105 (399174dbe6e..., userDataDir: C:\Users\User\AppData\Local...}, fedcm:accounts: true, goog:chromeOptions: {debuggerAddress: localhost:52251}, networkConnectionEnabled: false, pageLoadStrategy: normal, platformName: windows, proxy: Proxy(), se:cdp: ws://localhost:52251/devtoo..., se:cdpVersion: 123.0.6312.86, setWindowRect: true, strictFileInteractability: false, timeouts: {implicit: 0, pageLoad: 300000, script: 30000}, unhandledPromptBehavior: dismiss and notify, webauthn:extension:credBlob: true, webauthn:extension:largeBlob: true, webauthn:extension:minPinLength: true, webauthn:extension:prf: true, webauthn:virtualAuthenticators: true}
Session ID: e62f60c14be9b7055e900d3cede0220e]]>
            </message>
            <full-stacktrace>
              <![CDATA[org.openqa.selenium.NoSuchElementException: no such element: Unable to locate element: {"method":"css selector","selector":"#nav\-link\-profile"}
  (Session info: chrome=123.0.6312.86)
For documentation on this error, please visit: https://www.selenium.dev/documentation/webdriver/troubleshooting/errors#no-such-element-exception
Build info: version: '4.18.1', revision: 'b1d3319b48'
System info: os.name: 'Windows 10', os.arch: 'amd64', os.version: '10.0', java.version: '14.0.1'
Driver info: org.openqa.selenium.chrome.ChromeDriver
Command: [e62f60c14be9b7055e900d3cede0220e, findElement {value=nav-link-profile, using=id}]
Capabilities {acceptInsecureCerts: false, browserName: chrome, browserVersion: 123.0.6312.86, chrome: {chromedriverVersion: 123.0.6312.105 (399174dbe6e..., userDataDir: C:\Users\User\AppData\Local...}, fedcm:accounts: true, goog:chromeOptions: {debuggerAddress: localhost:52251}, networkConnectionEnabled: false, pageLoadStrategy: normal, platformName: windows, proxy: Proxy(), se:cdp: ws://localhost:52251/devtoo..., se:cdpVersion: 123.0.6312.86, setWindowRect: true, strictFileInteractability: false, timeouts: {implicit: 0, pageLoad: 300000, script: 30000}, unhandledPromptBehavior: dismiss and notify, webauthn:extension:credBlob: true, webauthn:extension:largeBlob: true, webauthn:extension:minPinLength: true, webauthn:extension:prf: true, webauthn:virtualAuthenticators: true}
Session ID: e62f60c14be9b7055e900d3cede0220e
at java.base/jdk.internal.reflect.NativeConstructorAccessorImpl.newInstance0(Native Method)
at java.base/jdk.internal.reflect.NativeConstructorAccessorImpl.newInstance(NativeConstructorAccessorImpl.java:62)
at java.base/jdk.internal.reflect.DelegatingConstructorAccessorImpl.newInstance(DelegatingConstructorAccessorImpl.java:45)
at java.base/java.lang.reflect.Constructor.newInstanceWithCaller(Constructor.java:500)
at java.base/java.lang.reflect.Constructor.newInstance(Constructor.java:481)
at org.openqa.selenium.remote.ErrorCodec.decode(ErrorCodec.java:167)
at org.openqa.selenium.remote.codec.w3c.W3CHttpResponseCodec.decode(W3CHttpResponseCodec.java:138)
at org.openqa.selenium.remote.codec.w3c.W3CHttpResponseCodec.decode(W3CHttpResponseCodec.java:50)
at org.openqa.selenium.remote.HttpCommandExecutor.execute(HttpCommandExecutor.java:190)
at org.openqa.selenium.remote.service.DriverCommandExecutor.invokeExecute(DriverCommandExecutor.java:216)
at org.openqa.selenium.remote.service.DriverCommandExecutor.execute(DriverCommandExecutor.java:174)
at org.openqa.selenium.remote.RemoteWebDriver.execute(RemoteWebDriver.java:519)
at org.openqa.selenium.remote.ElementLocation$ElementFinder$2.findElement(ElementLocation.java:165)
at org.openqa.selenium.remote.ElementLocation.findElement(ElementLocation.java:59)
at org.openqa.selenium.remote.RemoteWebDriver.findElement(RemoteWebDriver.java:356)
at org.openqa.selenium.remote.RemoteWebDriver.findElement(RemoteWebDriver.java:350)
at org.openqa.selenium.support.pagefactory.DefaultElementLocator.findElement(DefaultElementLocator.java:68)
at org.openqa.selenium.support.pagefactory.internal.LocatingElementHandler.invoke(LocatingElementHandler.java:38)
at com.sun.proxy.$Proxy11.click(Unknown Source)
at object.Header.clickProfile(Header.java:18)
at IskilloTesting.LogInWithInvalidDataTest.LogWithInvaliPassword(LogInWithInvalidDataTest.java:37)
at java.base/jdk.internal.reflect.NativeMethodAccessorImpl.invoke0(Native Method)
at java.base/jdk.internal.reflect.NativeMethodAccessorImpl.invoke(NativeMethodAccessorImpl.java:62)
at java.base/jdk.internal.reflect.DelegatingMethodAccessorImpl.invoke(DelegatingMethodAccessorImpl.java:43)
at java.base/java.lang.reflect.Method.invoke(Method.java:564)
at org.testng.internal.invokers.MethodInvocationHelper.invokeMethod(MethodInvocationHelper.java:139)
at org.testng.internal.invokers.TestInvoker.invokeMethod(TestInvoker.java:677)
at org.testng.internal.invokers.TestInvoker.invokeTestMethod(TestInvoker.java:221)
at org.testng.internal.invokers.MethodRunner.runInSequence(MethodRunner.java:50)
at org.testng.internal.invokers.TestInvoker$MethodInvocationAgent.invoke(TestInvoker.java:969)
at org.testng.internal.invokers.TestInvoker.invokeTestMethods(TestInvoker.java:194)
at org.testng.internal.invokers.TestMethodWorker.invokeTestMethods(TestMethodWorker.java:148)
at org.testng.internal.invokers.TestMethodWorker.run(TestMethodWorker.java:128)
at java.base/java.util.ArrayList.forEach(ArrayList.java:1510)
at org.testng.TestRunner.privateRun(TestRunner.java:829)
at org.testng.TestRunner.run(TestRunner.java:602)
at org.testng.SuiteRunner.runTest(SuiteRunner.java:437)
at org.testng.SuiteRunner.runSequentially(SuiteRunner.java:431)
at org.testng.SuiteRunner.privateRun(SuiteRunner.java:391)
at org.testng.SuiteRunner.run(SuiteRunner.java:330)
at org.testng.SuiteRunnerWorker.runSuite(SuiteRunnerWorker.java:52)
at org.testng.SuiteRunnerWorker.run(SuiteRunnerWorker.java:95)
at org.testng.TestNG.runSuitesSequentially(TestNG.java:1256)
at org.testng.TestNG.runSuitesLocally(TestNG.java:1176)
at org.testng.TestNG.runSuites(TestNG.java:1099)
at org.testng.TestNG.run(TestNG.java:1067)
at org.apache.maven.surefire.testng.TestNGExecutor.run(TestNGExecutor.java:324)
at org.apache.maven.surefire.testng.TestNGXmlTestSuite.execute(TestNGXmlTestSuite.java:74)
at org.apache.maven.surefire.testng.TestNGProvider.invoke(TestNGProvider.java:123)
at org.apache.maven.surefire.booter.ForkedBooter.runSuitesInProcess(ForkedBooter.java:456)
at org.apache.maven.surefire.booter.ForkedBooter.execute(ForkedBooter.java:169)
at org.apache.maven.surefire.booter.ForkedBooter.run(ForkedBooter.java:595)
at org.apache.maven.surefire.booter.ForkedBooter.main(ForkedBooter.java:581)
]]>
            </full-stacktrace>
          </exception> <!-- org.openqa.selenium.NoSuchElementException -->
          <reporter-output>
          </reporter-output>
        </test-method> <!-- LogWithInvaliPassword -->
        <test-method is-config="true" signature="afterMethod(org.testng.ITestResult)[pri:0, instance:IskilloTesting.LogInWithInvalidDataTest@47af7f3d]" started-at="2024-04-06T13:52:03 EEST" name="afterMethod" finished-at="2024-04-06T13:52:04 EEST" duration-ms="327" status="PASS">
          <params>
            <param index="0">
              <value>
                <![CDATA[[TestResult name=LogWithInvaliPassword status=FAILURE method=LogInWithInvalidDataTest.LogWithInvaliPassword(java.lang.String,java.lang.String)[pri:0, instance:IskilloTesting.LogInWithInvalidDataTest@47af7f3d] output={null}]]]>
              </value>
            </param>
          </params>
          <reporter-output>
          </reporter-output>
        </test-method> <!-- afterMethod -->
      </class> <!-- IskilloTesting.LogInWithInvalidDataTest -->
      <class name="IskilloTesting.EditProfileTest">
        <test-method is-config="true" signature="setUpTest()[pri:0, instance:IskilloTesting.EditProfileTest@74e52303]" started-at="2024-04-06T13:51:47 EEST" name="setUpTest" finished-at="2024-04-06T13:51:49 EEST" duration-ms="1716" status="PASS">
          <reporter-output>
          </reporter-output>
        </test-method> <!-- setUpTest -->
        <test-method signature="editProfileTest(java.lang.String,java.lang.String)[pri:0, instance:IskilloTesting.EditProfileTest@74e52303]" started-at="2024-04-06T13:51:49 EEST" name="editProfileTest" data-provider="getUser" finished-at="2024-04-06T13:51:54 EEST" duration-ms="4714" status="PASS">
          <params>
            <param index="0">
              <value>
                <![CDATA[tonchevaIvelina]]>
              </value>
            </param>
            <param index="1">
              <value>
                <![CDATA[toncheva123456]]>
              </value>
            </param>
          </params>
          <reporter-output>
          </reporter-output>
        </test-method> <!-- editProfileTest -->
        <test-method is-config="true" signature="afterMethod(org.testng.ITestResult)[pri:0, instance:IskilloTesting.EditProfileTest@74e52303]" started-at="2024-04-06T13:51:54 EEST" name="afterMethod" finished-at="2024-04-06T13:51:54 EEST" duration-ms="184" status="PASS">
          <params>
            <param index="0">
              <value>
                <![CDATA[[TestResult name=editProfileTest status=SUCCESS method=EditProfileTest.editProfileTest(java.lang.String,java.lang.String)[pri:0, instance:IskilloTesting.EditProfileTest@74e52303] output={null}]]]>
              </value>
            </param>
          </params>
          <reporter-output>
          </reporter-output>
        </test-method> <!-- afterMethod -->
      </class> <!-- IskilloTesting.EditProfileTest -->
    </test> <!-- ISkillo -->
  </suite> <!-- Web test suit -->
</testng-results>
